  adpcm.cpp
C:\Users\jonas\OneDrive\Documents\Code2\Wow\tools\wowmapviewer\src\stormlib\src\adpcm\adpcm.cpp(37,5): warning C4838: conversion from 'unsigned int' to 'long' requires a narrowing conversion
C:\Users\jonas\OneDrive\Documents\Code2\Wow\tools\wowmapviewer\src\stormlib\src\adpcm\adpcm.cpp(37,29): warning C4838: conversion from 'unsigned int' to 'long' requires a narrowing conversion
C:\Users\jonas\OneDrive\Documents\Code2\Wow\tools\wowmapviewer\src\stormlib\src\adpcm\adpcm.cpp(37,53): warning C4838: conversion from 'unsigned int' to 'long' requires a narrowing conversion
C:\Users\jonas\OneDrive\Documents\Code2\Wow\tools\wowmapviewer\src\stormlib\src\adpcm\adpcm.cpp(37,77): warning C4838: conversion from 'unsigned int' to 'long' requires a narrowing conversion
C:\Users\jonas\OneDrive\Documents\Code2\Wow\tools\wowmapviewer\src\stormlib\src\adpcm\adpcm.cpp(38,5): warning C4838: conversion from 'unsigned int' to 'long' requires a narrowing conversion
C:\Users\jonas\OneDrive\Documents\Code2\Wow\tools\wowmapviewer\src\stormlib\src\adpcm\adpcm.cpp(38,29): warning C4838: conversion from 'unsigned int' to 'long' requires a narrowing conversion
C:\Users\jonas\OneDrive\Documents\Code2\Wow\tools\wowmapviewer\src\stormlib\src\adpcm\adpcm.cpp(38,53): warning C4838: conversion from 'unsigned int' to 'long' requires a narrowing conversion
C:\Users\jonas\OneDrive\Documents\Code2\Wow\tools\wowmapviewer\src\stormlib\src\adpcm\adpcm.cpp(38,77): warning C4838: conversion from 'unsigned int' to 'long' requires a narrowing conversion
C:\Users\jonas\OneDrive\Documents\Code2\Wow\tools\wowmapviewer\src\stormlib\src\adpcm\adpcm.cpp(39,5): warning C4838: conversion from 'unsigned int' to 'long' requires a narrowing conversion
C:\Users\jonas\OneDrive\Documents\Code2\Wow\tools\wowmapviewer\src\stormlib\src\adpcm\adpcm.cpp(39,29): warning C4838: conversion from 'unsigned int' to 'long' requires a narrowing conversion
C:\Users\jonas\OneDrive\Documents\Code2\Wow\tools\wowmapviewer\src\stormlib\src\adpcm\adpcm.cpp(39,53): warning C4838: conversion from 'unsigned int' to 'long' requires a narrowing conversion
C:\Users\jonas\OneDrive\Documents\Code2\Wow\tools\wowmapviewer\src\stormlib\src\adpcm\adpcm.cpp(39,77): warning C4838: conversion from 'unsigned int' to 'long' requires a narrowing conversion
C:\Users\jonas\OneDrive\Documents\Code2\Wow\tools\wowmapviewer\src\stormlib\src\adpcm\adpcm.cpp(40,5): warning C4838: conversion from 'unsigned int' to 'long' requires a narrowing conversion
C:\Users\jonas\OneDrive\Documents\Code2\Wow\tools\wowmapviewer\src\stormlib\src\adpcm\adpcm.cpp(40,29): warning C4838: conversion from 'unsigned int' to 'long' requires a narrowing conversion
C:\Users\jonas\OneDrive\Documents\Code2\Wow\tools\wowmapviewer\src\stormlib\src\adpcm\adpcm.cpp(40,53): warning C4838: conversion from 'unsigned int' to 'long' requires a narrowing conversion
C:\Users\jonas\OneDrive\Documents\Code2\Wow\tools\wowmapviewer\src\stormlib\src\adpcm\adpcm.cpp(40,77): warning C4838: conversion from 'unsigned int' to 'long' requires a narrowing conversion
  huff.cpp
  SBaseDumpData.cpp
  SBaseFileTable.cpp
  SFilePatchArchives.cpp
  sparse.cpp
  blocksort.c
  bzlib.c
  compress.c
  crctable.c
  decompress.c
  huffman.c
  randtable.c
  lookup3.c
  hash_memory.c
  md5.c
  sha1.c
  ltm_desc.c
  multi.c
  rand_prime.c
  base64_decode.c
  crypt_argchk.c
  crypt_find_hash.c
  crypt_find_prng.c
  crypt_hash_descriptor.c
  crypt_hash_is_valid.c
  Compiling...
  crypt_libc.c
  crypt_ltc_mp_descriptor.c
  crypt_prng_descriptor.c
  crypt_prng_is_valid.c
  crypt_register_hash.c
  crypt_register_prng.c
  zeromem.c
  der_decode_bit_string.c
  der_decode_boolean.c
  der_decode_choice.c
  der_decode_ia5_string.c
  der_decode_integer.c
  der_decode_object_identifier.c
  der_decode_octet_string.c
  der_decode_printable_string.c
  der_decode_sequence_ex.c
  der_decode_sequence_flexi.c
  der_decode_sequence_multi.c
  der_decode_short_integer.c
  der_decode_utctime.c
  Compiling...
  der_decode_utf8_string.c
  der_length_bit_string.c
  der_length_boolean.c
  der_length_ia5_string.c
  der_length_integer.c
  der_length_object_identifier.c
  der_length_octet_string.c
  der_length_printable_string.c
  der_length_sequence.c
  der_length_short_integer.c
  der_length_utctime.c
  der_length_utf8_string.c
  der_sequence_free.c
  ltc_ecc_map.c
  ltc_ecc_mul2add.c
  ltc_ecc_mulmod.c
  ltc_ecc_points.c
  ltc_ecc_projective_add_point.c
  ltc_ecc_projective_dbl_point.c
  pkcs_1_mgf1.c
  Compiling...
  pkcs_1_oaep_decode.c
  pkcs_1_pss_decode.c
  pkcs_1_v1_5_decode.c
  rsa_exptmod.c
  rsa_free.c
  rsa_import.c
  rsa_make_key.c
  rsa_verify_hash.c
  rsa_verify_simple.c
  bncore.c
  bn_fast_mp_invmod.c
  bn_fast_mp_montgomery_reduce.c
  bn_fast_s_mp_mul_digs.c
  bn_fast_s_mp_mul_high_digs.c
  bn_fast_s_mp_sqr.c
  bn_mp_2expt.c
  bn_mp_abs.c
  bn_mp_add.c
  bn_mp_addmod.c
  bn_mp_add_d.c
  Compiling...
  bn_mp_and.c
  bn_mp_clamp.c
  bn_mp_clear.c
  bn_mp_clear_multi.c
  bn_mp_cmp.c
  bn_mp_cmp_d.c
  bn_mp_cmp_mag.c
  bn_mp_cnt_lsb.c
  bn_mp_copy.c
  bn_mp_count_bits.c
  bn_mp_div.c
  bn_mp_div_2.c
  bn_mp_div_2d.c
  bn_mp_div_3.c
  bn_mp_div_d.c
  bn_mp_dr_is_modulus.c
  bn_mp_dr_reduce.c
  bn_mp_dr_setup.c
  bn_mp_exch.c
  bn_mp_exptmod.c
  Compiling...
  bn_mp_exptmod_fast.c
  bn_mp_expt_d.c
  bn_mp_exteuclid.c
  bn_mp_fread.c
  bn_mp_fwrite.c
  bn_mp_gcd.c
  bn_mp_get_int.c
  bn_mp_grow.c
  bn_mp_init.c
  bn_mp_init_copy.c
  bn_mp_init_multi.c
  bn_mp_init_set.c
  bn_mp_init_set_int.c
  bn_mp_init_size.c
  bn_mp_invmod.c
  bn_mp_invmod_slow.c
  bn_mp_is_square.c
  bn_mp_jacobi.c
  bn_mp_karatsuba_mul.c
  bn_mp_karatsuba_sqr.c
  Compiling...
  bn_mp_lcm.c
  bn_mp_lshd.c
  bn_mp_mod.c
  bn_mp_mod_2d.c
  bn_mp_mod_d.c
  bn_mp_montgomery_calc_normalization.c
  bn_mp_montgomery_reduce.c
  bn_mp_montgomery_setup.c
  bn_mp_mul.c
  bn_mp_mulmod.c
  bn_mp_mul_2.c
  bn_mp_mul_2d.c
  bn_mp_mul_d.c
  bn_mp_neg.c
  bn_mp_n_root.c
  bn_mp_or.c
  bn_mp_prime_fermat.c
  bn_mp_prime_is_divisible.c
  bn_mp_prime_is_prime.c
  bn_mp_prime_miller_rabin.c
  Compiling...
  bn_mp_prime_next_prime.c
  bn_mp_prime_rabin_miller_trials.c
  bn_mp_prime_random_ex.c
  bn_mp_radix_size.c
  bn_mp_radix_smap.c
  bn_mp_rand.c
  bn_mp_read_radix.c
  bn_mp_read_signed_bin.c
  bn_mp_read_unsigned_bin.c
  bn_mp_reduce.c
  bn_mp_reduce_2k.c
  bn_mp_reduce_2k_l.c
  bn_mp_reduce_2k_setup.c
  bn_mp_reduce_2k_setup_l.c
  bn_mp_reduce_is_2k.c
  bn_mp_reduce_is_2k_l.c
  bn_mp_reduce_setup.c
  bn_mp_rshd.c
  bn_mp_set.c
  bn_mp_set_int.c
  Compiling...
  bn_mp_shrink.c
  bn_mp_signed_bin_size.c
  bn_mp_sqr.c
  bn_mp_sqrmod.c
  bn_mp_sqrt.c
  bn_mp_sub.c
  bn_mp_submod.c
  bn_mp_sub_d.c
  bn_mp_toom_mul.c
  bn_mp_toom_sqr.c
  bn_mp_toradix.c
  bn_mp_toradix_n.c
  bn_mp_to_signed_bin.c
  bn_mp_to_signed_bin_n.c
  bn_mp_to_unsigned_bin.c
  bn_mp_to_unsigned_bin_n.c
  bn_mp_unsigned_bin_size.c
  bn_mp_xor.c
  bn_mp_zero.c
  bn_prime_tab.c
  Compiling...
  bn_reverse.c
  bn_s_mp_add.c
  bn_s_mp_exptmod.c
  bn_s_mp_mul_digs.c
  bn_s_mp_mul_high_digs.c
  bn_s_mp_sqr.c
  bn_s_mp_sub.c
  LzFind.c
  LzFindMt.c
  LzmaDec.c
  LzmaEnc.c
  Threads.c
  explode.c
  implode.c
  adler32.c
  compress2.c
  crc32.c
  deflate.c
  inffast.c
  inflate.c
  Compiling...
  inftrees.c
  trees.c
  zutil.c
  FileStream.cpp
  SBaseCommon.cpp
  SCompression.cpp
  SFileAddFile.cpp
  SFileAttributes.cpp
  SFileCompactArchive.cpp
  SFileCreateArchive.cpp
  SFileExtractFile.cpp
  SFileFindFile.cpp
  SFileListFile.cpp
  SFileOpenArchive.cpp
  SFileOpenFileEx.cpp
  SFileReadFile.cpp
  SFileVerify.cpp
C:\Program Files\Microsoft Visual Studio\2022\Community\MSBuild\Microsoft\VC\v170\Microsoft.CppBuild.targets(1556,5): warning MSB8012: TargetPath(C:\Users\jonas\OneDrive\Documents\Code2\Wow\tools\wowmapviewer\src\lib\Windows\32bit\StormLib.lib) does not match the Library's OutputFile property value (C:\Users\jonas\OneDrive\Documents\Code2\Wow\tools\wowmapviewer\src\lib\Windows\32bit\StormLibRAD.lib). This may cause your project to build incorrectly. To correct this, please make sure that $(OutDir), $(TargetName) and $(TargetExt) property values match the value specified in %(Lib.OutputFile).
C:\Program Files\Microsoft Visual Studio\2022\Community\MSBuild\Microsoft\VC\v170\Microsoft.CppBuild.targets(1558,5): warning MSB8012: TargetName(StormLib) does not match the Library's OutputFile property value (StormLibRAD). This may cause your project to build incorrectly. To correct this, please make sure that $(OutDir), $(TargetName) and $(TargetExt) property values match the value specified in %(Lib.OutputFile).
  StormLib.vcxproj -> C:\Users\jonas\OneDrive\Documents\Code2\Wow\tools\wowmapviewer\src\lib\Windows\32bit\StormLib.lib
  Det går inte att hitta sökvägen.
          0 file(s) copied.
  Det går inte att hitta sökvägen.
          0 file(s) copied.
  .\bin\Stormlib\Win32\ReleaseAD\*.lib 
  Det går inte att hitta filen.
          0 file(s) copied.
